<?xml version="1.0" encoding="UTF-8"?>
<!-- Generated by org.testng.reporters.JUnitReportReporter -->
<testsuite skipped="0" hostname="SOHAN-PC" name="com.Vtiger.comContacts.xml.TC_4CreateContact" tests="1" failures="0" timestamp="2021-10-09T20:00:38 IST" time="32.590" errors="0">
  <testcase name="createContact" time="32.590" classname="com.Vtiger.comContacts.xml.TC_4CreateContact"/>
  <system-out/>
</testsuite> <!-- com.Vtiger.comContacts.xml.TC_4CreateContact -->
