<?xml version="1.0" encoding="UTF-8"?>
<!-- Generated by org.testng.reporters.JUnitReportReporter -->
<testsuite skipped="0" hostname="SOHAN-PC" name="com.Vtiger.comcast.organization.TC_4CreateContact" tests="1" failures="0" timestamp="2021-10-05T17:15:44 IST" time="25.500" errors="0">
  <testcase name="executingTestCase" time="25.500" classname="com.Vtiger.comcast.organization.TC_4CreateContact"/>
  <system-out/>
</testsuite> <!-- com.Vtiger.comcast.organization.TC_4CreateContact -->
