<?xml version="1.0" encoding="UTF-8"?>
<!-- Generated by org.testng.reporters.JUnitReportReporter -->
<testsuite skipped="0" hostname="SOHAN-PC" name="com.Vtiger.comContacts.xml.TC_02createContact" tests="1" failures="0" timestamp="2021-10-27T11:52:37 IST" time="32.172" errors="0">
  <testcase name="executingTestCase" time="32.172" classname="com.Vtiger.comContacts.xml.TC_02createContact"/>
  <system-out/>
</testsuite> <!-- com.Vtiger.comContacts.xml.TC_02createContact -->
