<?xml version="1.0" encoding="UTF-8"?>
<!-- Generated by org.testng.reporters.JUnitReportReporter -->
<testsuite skipped="0" hostname="SOHAN-PC" name="com.Vtiger.Contacts.TC_01CreateContactWithExisting" tests="1" failures="0" timestamp="2021-11-29T22:47:11 IST" time="50.050" errors="0">
  <testcase name="CreateContact" time="50.050" classname="com.Vtiger.Contacts.TC_01CreateContactWithExisting"/>
  <system-out/>
</testsuite> <!-- com.Vtiger.Contacts.TC_01CreateContactWithExisting -->
