<?xml version="1.0" encoding="UTF-8"?>
<!-- Generated by org.testng.reporters.JUnitReportReporter -->
<testsuite skipped="0" hostname="SOHAN-PC" name="com.Vtiger.comcast.organization.TC002CreateContact" tests="1" failures="0" timestamp="2021-10-06T12:04:57 IST" time="31.711" errors="0">
  <testcase name="executingTestCase" time="31.711" classname="com.Vtiger.comcast.organization.TC002CreateContact"/>
  <system-out/>
</testsuite> <!-- com.Vtiger.comcast.organization.TC002CreateContact -->
