<?xml version="1.0" encoding="UTF-8"?>
<!-- Generated by org.testng.reporters.JUnitReportReporter -->
<testsuite skipped="0" hostname="SOHAN-PC" name="com.Vtiger.comContacts.xml.TC_03CreateContact" tests="1" failures="0" timestamp="2021-10-08T12:26:04 IST" time="70.087" errors="0">
  <testcase name="executingTestCase" time="70.087" classname="com.Vtiger.comContacts.xml.TC_03CreateContact"/>
  <system-out/>
</testsuite> <!-- com.Vtiger.comContacts.xml.TC_03CreateContact -->
