<?xml version="1.0" encoding="UTF-8"?>
<!-- Generated by org.testng.reporters.JUnitReportReporter -->
<testsuite skipped="0" hostname="SOHAN-PC" name="com.Vtiger.comContacts.TC_01createContact" tests="1" failures="0" timestamp="2021-10-07T17:38:27 IST" time="20.221" errors="0">
  <testcase name="createContact" time="20.221" classname="com.Vtiger.comContacts.TC_01createContact"/>
  <system-out/>
</testsuite> <!-- com.Vtiger.comContacts.TC_01createContact -->
