<?xml version="1.0" encoding="UTF-8"?>
<!-- Generated by org.testng.reporters.JUnitReportReporter -->
<testsuite skipped="0" hostname="SOHAN-PC" name="com.Vtiger.comcast.organization.TC_1CreateContact" tests="1" failures="0" timestamp="2021-10-05T13:10:05 IST" time="26.847" errors="0">
  <testcase name="executingTestCase" time="26.847" classname="com.Vtiger.comcast.organization.TC_1CreateContact"/>
  <system-out/>
</testsuite> <!-- com.Vtiger.comcast.organization.TC_1CreateContact -->
