<?xml version="1.0" encoding="UTF-8"?>
<!-- Generated by org.testng.reporters.JUnitReportReporter -->
<testsuite skipped="0" hostname="SOHAN-PC" name="com.Vtiger.comContacts.xml.TC_03CreateContact" tests="1" failures="0" timestamp="2021-11-30T11:15:19 IST" time="127.824" errors="0">
  <testcase name="executingTestCase" time="127.824" classname="com.Vtiger.comContacts.xml.TC_03CreateContact"/>
  <system-out/>
</testsuite> <!-- com.Vtiger.comContacts.xml.TC_03CreateContact -->
