<?xml version="1.0" encoding="UTF-8"?>
<!-- Generated by org.testng.reporters.JUnitReportReporter -->
<testsuite skipped="0" hostname="SOHAN-PC" name="com.Vtiger.comContacts.xml.TC1to5CreateContact" tests="5" failures="0" timestamp="2021-10-08T10:55:47 IST" time="131.166" errors="0">
  <testcase name="createContact" time="23.554" classname="com.Vtiger.comContacts.xml.TC1to5CreateContact"/>
  <system-out/>
  <testcase name="executingTestCase" time="21.587" classname="com.Vtiger.comContacts.xml.TC1to5CreateContact"/>
  <system-out/>
  <testcase name="executingTestCase03" time="22.732" classname="com.Vtiger.comContacts.xml.TC1to5CreateContact"/>
  <system-out/>
  <testcase name="executingTestCase04" time="14.400" classname="com.Vtiger.comContacts.xml.TC1to5CreateContact"/>
  <system-out/>
  <testcase name="executingTestCase05" time="48.893" classname="com.Vtiger.comContacts.xml.TC1to5CreateContact"/>
  <system-out/>
</testsuite> <!-- com.Vtiger.comContacts.xml.TC1to5CreateContact -->
