<?xml version="1.0" encoding="UTF-8"?>
<!-- Generated by org.testng.reporters.JUnitReportReporter -->
<testsuite skipped="0" hostname="SOHAN-PC" name="com.Vtiger.comcast.organization.CreateOrganization" tests="1" failures="0" timestamp="2021-10-06T13:30:31 IST" time="20.016" errors="0">
  <testcase name="createNewOrganization" time="20.016" classname="com.Vtiger.comcast.organization.CreateOrganization"/>
  <system-out/>
</testsuite> <!-- com.Vtiger.comcast.organization.CreateOrganization -->
