<?xml version="1.0" encoding="UTF-8"?>
<!-- Generated by org.testng.reporters.JUnitReportReporter -->
<testsuite skipped="0" hostname="SOHAN-PC" name="com.Vtiger.comcast.organization.TC02CreateContact2" tests="1" failures="0" timestamp="2021-10-06T16:43:25 IST" time="28.656" errors="0">
  <testcase name="executingTestCase" time="28.656" classname="com.Vtiger.comcast.organization.TC02CreateContact2"/>
  <system-out/>
</testsuite> <!-- com.Vtiger.comcast.organization.TC02CreateContact2 -->
