<?xml version="1.0" encoding="UTF-8"?>
<!-- Generated by org.testng.reporters.JUnitReportReporter -->
<testsuite skipped="0" hostname="SOHAN-PC" name="com.Vtiger.comContacts.xml.TC_01createContact" tests="1" failures="0" timestamp="2021-10-17T18:34:05 IST" time="43.247" errors="0">
  <testcase name="createContact" time="43.247" classname="com.Vtiger.comContacts.xml.TC_01createContact"/>
  <system-out/>
</testsuite> <!-- com.Vtiger.comContacts.xml.TC_01createContact -->
