<?xml version="1.0" encoding="UTF-8"?>
<!-- Generated by org.testng.reporters.JUnitReportReporter -->
<testsuite skipped="0" hostname="SOHAN-PC" name="com.Vtiger.comcast.contacts.TC005CreateContact" tests="1" failures="0" timestamp="2021-10-17T20:10:38 IST" time="41.093" errors="0">
  <testcase name="executingTestCase" time="41.093" classname="com.Vtiger.comcast.contacts.TC005CreateContact"/>
  <system-out/>
</testsuite> <!-- com.Vtiger.comcast.contacts.TC005CreateContact -->
