<?xml version="1.0" encoding="UTF-8"?>
<!-- Generated by org.testng.reporters.JUnitReportReporter -->
<testsuite skipped="0" hostname="SOHAN-PC" name="com.Vtiger.comcast.organization.TC_3CreateContact" tests="1" failures="0" timestamp="2021-10-05T17:11:46 IST" time="30.689" errors="0">
  <testcase name="executingTestCase" time="30.689" classname="com.Vtiger.comcast.organization.TC_3CreateContact"/>
  <system-out/>
</testsuite> <!-- com.Vtiger.comcast.organization.TC_3CreateContact -->
