<?xml version="1.0" encoding="UTF-8"?>
<!-- Generated by org.testng.reporters.JUnitReportReporter -->
<testsuite skipped="0" hostname="SOHAN-PC" name="com.Vtiger.comcast.organization.TC003CreateContact" tests="1" failures="0" timestamp="2021-10-06T16:43:25 IST" time="30.672" errors="0">
  <testcase name="executingTestCase" time="30.672" classname="com.Vtiger.comcast.organization.TC003CreateContact"/>
  <system-out/>
</testsuite> <!-- com.Vtiger.comcast.organization.TC003CreateContact -->
