<?xml version="1.0" encoding="UTF-8"?>
<!-- Generated by org.testng.reporters.JUnitReportReporter -->
<testsuite skipped="0" hostname="SOHAN-PC" name="com.Vtiger.comcast.contacts.TC004CreateContact" tests="1" failures="0" timestamp="2021-10-09T20:53:20 IST" time="32.493" errors="0">
  <testcase name="executingTestCase" time="32.493" classname="com.Vtiger.comcast.contacts.TC004CreateContact"/>
  <system-out/>
</testsuite> <!-- com.Vtiger.comcast.contacts.TC004CreateContact -->
