<?xml version="1.0" encoding="UTF-8"?>
<!-- Generated by org.testng.reporters.JUnitReportReporter -->
<testsuite skipped="0" hostname="SOHAN-PC" name="testScript.TC_4CreateContact" tests="1" failures="0" timestamp="2021-10-08T12:20:24 IST" time="25.778" errors="0">
  <testcase name="executingTestCase" time="25.778" classname="testScript.TC_4CreateContact"/>
  <system-out/>
</testsuite> <!-- testScript.TC_4CreateContact -->
