<?xml version="1.0" encoding="UTF-8"?>
<!-- Generated by org.testng.reporters.JUnitReportReporter -->
<testsuite skipped="0" hostname="SOHAN-PC" name="com.Vtiger.comcast.contacts.TC05CreateContact2" tests="1" failures="0" timestamp="2021-10-08T10:25:17 IST" time="46.105" errors="0">
  <testcase name="executingTestCase" time="46.105" classname="com.Vtiger.comcast.contacts.TC05CreateContact2"/>
  <system-out/>
</testsuite> <!-- com.Vtiger.comcast.contacts.TC05CreateContact2 -->
