<?xml version="1.0" encoding="UTF-8"?>
<!-- Generated by org.testng.reporters.JUnitReportReporter -->
<testsuite skipped="0" hostname="SOHAN-PC" name="com.Vtiger.comcast.organization.TC_001CreateContact" tests="1" failures="0" timestamp="2021-10-07T14:29:48 IST" time="24.888" errors="0">
  <testcase name="executTestCase" time="24.888" classname="com.Vtiger.comcast.organization.TC_001CreateContact"/>
  <system-out/>
</testsuite> <!-- com.Vtiger.comcast.organization.TC_001CreateContact -->
