<?xml version="1.0" encoding="UTF-8"?>
<!-- Generated by org.testng.reporters.JUnitReportReporter -->
<testsuite skipped="0" hostname="SOHAN-PC" name="com.Vtiger.comContacts.xml.TC_05CreateContact2" tests="1" failures="0" timestamp="2021-10-09T20:39:16 IST" time="37.369" errors="0">
  <testcase name="executingTestCase" time="37.369" classname="com.Vtiger.comContacts.xml.TC_05CreateContact2"/>
  <system-out/>
</testsuite> <!-- com.Vtiger.comContacts.xml.TC_05CreateContact2 -->
