<?xml version="1.0" encoding="UTF-8"?>
<!-- Generated by org.testng.reporters.JUnitReportReporter -->
<testsuite skipped="0" hostname="SOHAN-PC" name="com.Vtiger.comContacts.TC_02createContact" tests="1" failures="0" timestamp="2021-10-07T17:35:59 IST" time="24.848" errors="0">
  <testcase name="executingTestCase" time="24.848" classname="com.Vtiger.comContacts.TC_02createContact"/>
  <system-out/>
</testsuite> <!-- com.Vtiger.comContacts.TC_02createContact -->
